\BOOKMARK [1][-]{section.1}{\376\377\137\025\212\000}{}% 1
\BOOKMARK [2][-]{subsection.1.1}{\376\377\147\054\145\207\215\041\163\056}{section.1}% 2
\BOOKMARK [2][-]{subsection.1.2}{\376\377\213\272\145\207\176\323\147\204}{section.1}% 3
\BOOKMARK [1][-]{section.2}{\376\377\166\370\121\163\135\345\117\134}{}% 4
\BOOKMARK [2][-]{subsection.2.1}{\376\377\145\366\225\364\136\217\122\027\230\204\155\113\166\204\155\361\136\246\133\146\116\140\145\271\154\325}{section.2}% 5
\BOOKMARK [2][-]{subsection.2.2}{\376\377\230\221\127\337\122\006\147\220\116\016\131\032\122\006\217\250\163\207\210\150\137\201}{section.2}% 6
\BOOKMARK [2][-]{subsection.2.3}{\376\377\147\141\116\366\214\003\122\066\116\016\162\171\137\201\137\122\116\000\123\026}{section.2}% 7
\BOOKMARK [2][-]{subsection.2.4}{\376\377\227\136\136\163\172\063\140\047\116\016\122\006\136\003\157\002\171\373\131\004\164\006}{section.2}% 8
\BOOKMARK [2][-]{subsection.2.5}{\376\377\171\321\133\146\211\302\155\113\136\217\122\027\166\204\123\302\145\160\126\336\137\122}{section.2}% 9
\BOOKMARK [1][-]{section.3}{\376\377\145\271\154\325}{}% 10
\BOOKMARK [2][-]{subsection.3.1}{\376\377\140\073\117\123\147\266\147\204}{section.3}% 11
\BOOKMARK [2][-]{subsection.3.2}{\376\377\000R\000e\000v\000I\000N\377\032\123\357\220\006\133\236\117\213\137\122\116\000\123\026}{section.3}% 12
\BOOKMARK [2][-]{subsection.3.3}{\376\377\123\330\221\317\000\040\000T\000o\000k\000e\000n\000\040\135\114\121\145}{section.3}% 13
\BOOKMARK [2][-]{subsection.3.4}{\376\377\131\032\122\006\217\250\163\207\230\221\214\061\162\171\137\201\143\320\123\326}{section.3}% 14
\BOOKMARK [2][-]{subsection.3.5}{\376\377\230\221\214\061\123\213\177\051\126\150}{section.3}% 15
\BOOKMARK [2][-]{subsection.3.6}{\376\377\220\020\134\102\156\020\217\333\137\017\000\040\000F\000i\000L\000M\000\040\214\003\122\066}{section.3}% 16
\BOOKMARK [2][-]{subsection.3.7}{\376\377\230\204\155\113\131\064\116\016\116\373\122\241\220\002\221\115}{section.3}% 17
\BOOKMARK [2][-]{subsection.3.8}{\376\377\123\357\220\000\123\026\140\047\116\016\172\063\133\232\123\026\213\276\213\241\140\073\176\323}{section.3}% 18
\BOOKMARK [1][-]{section.4}{\376\377\133\236\232\214}{}% 19
\BOOKMARK [2][-]{subsection.4.1}{\376\377\145\160\143\156\226\306}{section.4}% 20
\BOOKMARK [2][-]{subsection.4.2}{\376\377\133\371\153\324\145\271\154\325\116\016\232\250\136\162\213\276\177\156}{section.4}% 21
\BOOKMARK [2][-]{subsection.4.3}{\376\377\133\236\163\260\176\306\202\202}{section.4}% 22
\BOOKMARK [2][-]{subsection.4.4}{\376\377\213\304\116\367\143\007\150\007}{section.4}% 23
\BOOKMARK [2][-]{subsection.4.5}{\376\377\116\073\176\323\147\234}{section.4}% 24
\BOOKMARK [2][-]{subsection.4.6}{\376\377\155\210\207\215\133\236\232\214}{section.4}% 25
\BOOKMARK [2][-]{subsection.4.7}{\376\377\123\302\145\160\145\117\141\037\140\047\122\006\147\220\377\010\123\357\220\011\377\011}{section.4}% 26
\BOOKMARK [2][-]{subsection.4.8}{\376\377\123\357\211\306\123\026\122\006\147\220\377\010\123\357\220\011\377\011}{section.4}% 27
\BOOKMARK [1][-]{section.5}{\376\377\176\323\213\272}{}% 28
\BOOKMARK [2][-]{subsection.5.1}{\376\377\134\100\226\120\140\047\116\016\147\052\147\145\135\345\117\134}{section.5}% 29
\BOOKMARK [1][-]{appendix.A}{\376\377\226\104\137\125\377\032\210\145\121\105\147\120\145\231\377\010\123\140\117\115\377\011}{}% 30
\BOOKMARK [2][-]{subsection.A.1}{\376\377\173\046\123\367\210\150}{appendix.A}% 31
\BOOKMARK [2][-]{subsection.A.2}{\376\377\152\041\127\127\213\241\173\227\131\015\147\102\136\246\122\006\147\220\377\010\123\357\220\011\377\011}{appendix.A}% 32
\BOOKMARK [2][-]{subsection.A.3}{\376\377\146\364\131\032\176\323\147\234\377\010\123\357\220\011\377\011}{appendix.A}% 33
\BOOKMARK [2][-]{subsection.A.4}{\376\377\123\357\220\000\123\026\140\047\232\214\213\301\133\236\232\214\213\276\213\241\377\010\123\357\220\011\377\011}{appendix.A}% 34
